{"/Users/sth1pal/Documents/Development/JavaScript/nodejs/ts6/dev/hsLibs/node/hsExcel/src/excel.ts": {"path":"/Users/sth1pal/Documents/Development/JavaScript/nodejs/ts6/dev/hsLibs/node/hsExcel/src/excel.ts","statementMap":{"0":{"start":{"line":12,"column":13},"end":{"line":12,"column":28}},"1":{"start":{"line":72,"column":8},"end":{"line":72,"column":53}},"2":{"start":{"line":80,"column":25},"end":{"line":80,"column":27}},"3":{"start":{"line":81,"column":2},"end":{"line":83,"column":3}},"4":{"start":{"line":82,"column":3},"end":{"line":82,"column":17}},"5":{"start":{"line":84,"column":2},"end":{"line":84,"column":15}},"6":{"start":{"line":95,"column":32},"end":{"line":95,"column":63}},"7":{"start":{"line":96,"column":2},"end":{"line":96,"column":97}},"8":{"start":{"line":107,"column":2},"end":{"line":107,"column":90}},"9":{"start":{"line":107,"column":26},"end":{"line":107,"column":88}},"10":{"start":{"line":108,"column":26},"end":{"line":108,"column":63}},"11":{"start":{"line":109,"column":27},"end":{"line":109,"column":29}},"12":{"start":{"line":110,"column":10},"end":{"line":110,"column":11}},"13":{"start":{"line":111,"column":2},"end":{"line":122,"column":3}},"14":{"start":{"line":112,"column":16},"end":{"line":112,"column":73}},"15":{"start":{"line":113,"column":21},"end":{"line":113,"column":22}},"16":{"start":{"line":114,"column":3},"end":{"line":114,"column":61}},"17":{"start":{"line":114,"column":27},"end":{"line":114,"column":60}},"18":{"start":{"line":114,"column":44},"end":{"line":114,"column":58}},"19":{"start":{"line":115,"column":12},"end":{"line":115,"column":18}},"20":{"start":{"line":117,"column":12},"end":{"line":119,"column":44}},"21":{"start":{"line":117,"column":35},"end":{"line":117,"column":55}},"22":{"start":{"line":119,"column":17},"end":{"line":119,"column":44}},"23":{"start":{"line":119,"column":36},"end":{"line":119,"column":42}},"24":{"start":{"line":121,"column":3},"end":{"line":121,"column":44}},"25":{"start":{"line":121,"column":36},"end":{"line":121,"column":42}},"26":{"start":{"line":123,"column":2},"end":{"line":123,"column":16}},"27":{"start":{"line":140,"column":45},"end":{"line":140,"column":93}},"28":{"start":{"line":142,"column":16},"end":{"line":142,"column":24}},"29":{"start":{"line":143,"column":8},"end":{"line":151,"column":9}},"30":{"start":{"line":144,"column":12},"end":{"line":144,"column":20}},"31":{"start":{"line":145,"column":12},"end":{"line":150,"column":13}},"32":{"start":{"line":146,"column":16},"end":{"line":146,"column":53}},"33":{"start":{"line":148,"column":25},"end":{"line":148,"column":39}},"34":{"start":{"line":149,"column":16},"end":{"line":149,"column":63}},"35":{"start":{"line":164,"column":26},"end":{"line":164,"column":96}},"36":{"start":{"line":165,"column":30},"end":{"line":165,"column":81}},"37":{"start":{"line":166,"column":30},"end":{"line":166,"column":59}},"38":{"start":{"line":167,"column":2},"end":{"line":167,"column":26}},"39":{"start":{"line":178,"column":2},"end":{"line":178,"column":73}},"40":{"start":{"line":178,"column":35},"end":{"line":178,"column":71}},"41":{"start":{"line":180,"column":2},"end":{"line":188,"column":3}},"42":{"start":{"line":181,"column":12},"end":{"line":181,"column":31}},"43":{"start":{"line":182,"column":22},"end":{"line":182,"column":48}},"44":{"start":{"line":183,"column":3},"end":{"line":187,"column":5}},"45":{"start":{"line":183,"column":12},"end":{"line":187,"column":4}},"46":{"start":{"line":184,"column":14},"end":{"line":184,"column":84}},"47":{"start":{"line":186,"column":13},"end":{"line":186,"column":41}},"48":{"start":{"line":189,"column":2},"end":{"line":189,"column":12}},"49":{"start":{"line":202,"column":2},"end":{"line":204,"column":3}},"50":{"start":{"line":203,"column":3},"end":{"line":203,"column":44}},"51":{"start":{"line":216,"column":2},"end":{"line":219,"column":3}},"52":{"start":{"line":217,"column":3},"end":{"line":217,"column":54}},"53":{"start":{"line":217,"column":46},"end":{"line":217,"column":52}},"54":{"start":{"line":218,"column":3},"end":{"line":218,"column":60}},"55":{"start":{"line":230,"column":17},"end":{"line":230,"column":61}},"56":{"start":{"line":231,"column":2},"end":{"line":231,"column":16}},"57":{"start":{"line":242,"column":29},"end":{"line":247,"column":3}},"58":{"start":{"line":248,"column":2},"end":{"line":251,"column":3}},"59":{"start":{"line":249,"column":3},"end":{"line":249,"column":31}},"60":{"start":{"line":250,"column":3},"end":{"line":250,"column":33}},"61":{"start":{"line":252,"column":2},"end":{"line":252,"column":16}},"62":{"start":{"line":68,"column":0},"end":{"line":255,"column":1}}},"fnMap":{"0":{"name":"(anonymous_0)","decl":{"start":{"line":71,"column":4},"end":{"line":71,"column":15}},"loc":{"start":{"line":71,"column":41},"end":{"line":73,"column":5}}},"1":{"name":"(anonymous_1)","decl":{"start":{"line":79,"column":8},"end":{"line":79,"column":20}},"loc":{"start":{"line":79,"column":21},"end":{"line":85,"column":2}}},"2":{"name":"(anonymous_2)","decl":{"start":{"line":94,"column":8},"end":{"line":94,"column":22}},"loc":{"start":{"line":94,"column":61},"end":{"line":97,"column":2}}},"3":{"name":"(anonymous_3)","decl":{"start":{"line":106,"column":8},"end":{"line":106,"column":22}},"loc":{"start":{"line":106,"column":52},"end":{"line":124,"column":2}}},"4":{"name":"(anonymous_4)","decl":{"start":{"line":139,"column":10},"end":{"line":139,"column":12}},"loc":{"start":{"line":139,"column":42},"end":{"line":152,"column":5}}},"5":{"name":"nextChar","decl":{"start":{"line":140,"column":8},"end":{"line":140,"column":25}},"loc":{"start":{"line":140,"column":34},"end":{"line":140,"column":95}}},"6":{"name":"(anonymous_6)","decl":{"start":{"line":163,"column":8},"end":{"line":163,"column":15}},"loc":{"start":{"line":163,"column":64},"end":{"line":168,"column":5}}},"7":{"name":"(anonymous_7)","decl":{"start":{"line":177,"column":8},"end":{"line":177,"column":19}},"loc":{"start":{"line":177,"column":67},"end":{"line":190,"column":2}}},"8":{"name":"(anonymous_8)","decl":{"start":{"line":201,"column":8},"end":{"line":201,"column":10}},"loc":{"start":{"line":201,"column":73},"end":{"line":205,"column":2}}},"9":{"name":"(anonymous_9)","decl":{"start":{"line":215,"column":8},"end":{"line":215,"column":10}},"loc":{"start":{"line":215,"column":80},"end":{"line":220,"column":2}}},"10":{"name":"(anonymous_10)","decl":{"start":{"line":229,"column":9},"end":{"line":229,"column":14}},"loc":{"start":{"line":229,"column":61},"end":{"line":232,"column":2}}},"11":{"name":"(anonymous_11)","decl":{"start":{"line":241,"column":9},"end":{"line":241,"column":20}},"loc":{"start":{"line":241,"column":58},"end":{"line":253,"column":2}}}},"branchMap":{"0":{"loc":{"start":{"line":94,"column":51},"end":{"line":94,"column":54}},"type":"default-arg","locations":[{"start":{"line":94,"column":51},"end":{"line":94,"column":54}}]},"1":{"loc":{"start":{"line":94,"column":60},"end":{"line":94,"column":61}},"type":"default-arg","locations":[{"start":{"line":94,"column":60},"end":{"line":94,"column":61}}]},"2":{"loc":{"start":{"line":106,"column":51},"end":{"line":106,"column":52}},"type":"default-arg","locations":[{"start":{"line":106,"column":51},"end":{"line":106,"column":52}}]},"3":{"loc":{"start":{"line":107,"column":2},"end":{"line":107,"column":90}},"type":"if","locations":[{"start":{"line":107,"column":2},"end":{"line":107,"column":90}},{"start":{"line":107,"column":2},"end":{"line":107,"column":90}}]},"4":{"loc":{"start":{"line":114,"column":27},"end":{"line":114,"column":60}},"type":"if","locations":[{"start":{"line":114,"column":27},"end":{"line":114,"column":60}},{"start":{"line":114,"column":27},"end":{"line":114,"column":60}}]},"5":{"loc":{"start":{"line":117,"column":12},"end":{"line":119,"column":44}},"type":"if","locations":[{"start":{"line":117,"column":12},"end":{"line":119,"column":44}},{"start":{"line":117,"column":12},"end":{"line":119,"column":44}}]},"6":{"loc":{"start":{"line":119,"column":17},"end":{"line":119,"column":44}},"type":"if","locations":[{"start":{"line":119,"column":17},"end":{"line":119,"column":44}},{"start":{"line":119,"column":17},"end":{"line":119,"column":44}}]},"7":{"loc":{"start":{"line":121,"column":3},"end":{"line":121,"column":44}},"type":"if","locations":[{"start":{"line":121,"column":3},"end":{"line":121,"column":44}},{"start":{"line":121,"column":3},"end":{"line":121,"column":44}}]},"8":{"loc":{"start":{"line":121,"column":7},"end":{"line":121,"column":16}},"type":"binary-expr","locations":[{"start":{"line":121,"column":7},"end":{"line":121,"column":16}},{"start":{"line":121,"column":20},"end":{"line":121,"column":32}}]},"9":{"loc":{"start":{"line":139,"column":39},"end":{"line":139,"column":42}},"type":"default-arg","locations":[{"start":{"line":139,"column":39},"end":{"line":139,"column":42}}]},"10":{"loc":{"start":{"line":145,"column":12},"end":{"line":150,"column":13}},"type":"if","locations":[{"start":{"line":145,"column":12},"end":{"line":150,"column":13}},{"start":{"line":145,"column":12},"end":{"line":150,"column":13}}]},"11":{"loc":{"start":{"line":146,"column":31},"end":{"line":146,"column":45}},"type":"cond-expr","locations":[{"start":{"line":146,"column":31},"end":{"line":146,"column":45}},{"start":{"line":146,"column":48},"end":{"line":146,"column":52}}]},"12":{"loc":{"start":{"line":149,"column":32},"end":{"line":149,"column":50}},"type":"cond-expr","locations":[{"start":{"line":149,"column":32},"end":{"line":149,"column":50}},{"start":{"line":149,"column":53},"end":{"line":149,"column":62}}]},"13":{"loc":{"start":{"line":163,"column":49},"end":{"line":163,"column":52}},"type":"default-arg","locations":[{"start":{"line":163,"column":49},"end":{"line":163,"column":52}}]},"14":{"loc":{"start":{"line":163,"column":63},"end":{"line":163,"column":64}},"type":"default-arg","locations":[{"start":{"line":163,"column":63},"end":{"line":163,"column":64}}]},"15":{"loc":{"start":{"line":164,"column":57},"end":{"line":164,"column":64}},"type":"cond-expr","locations":[{"start":{"line":164,"column":57},"end":{"line":164,"column":64}},{"start":{"line":164,"column":67},"end":{"line":164,"column":96}}]},"16":{"loc":{"start":{"line":178,"column":2},"end":{"line":178,"column":73}},"type":"if","locations":[{"start":{"line":178,"column":2},"end":{"line":178,"column":73}},{"start":{"line":178,"column":2},"end":{"line":178,"column":73}}]},"17":{"loc":{"start":{"line":180,"column":2},"end":{"line":188,"column":3}},"type":"if","locations":[{"start":{"line":180,"column":2},"end":{"line":188,"column":3}},{"start":{"line":180,"column":2},"end":{"line":188,"column":3}}]},"18":{"loc":{"start":{"line":180,"column":6},"end":{"line":180,"column":20}},"type":"binary-expr","locations":[{"start":{"line":180,"column":6},"end":{"line":180,"column":20}},{"start":{"line":180,"column":24},"end":{"line":180,"column":45}}]},"19":{"loc":{"start":{"line":182,"column":39},"end":{"line":182,"column":42}},"type":"cond-expr","locations":[{"start":{"line":182,"column":39},"end":{"line":182,"column":42}},{"start":{"line":182,"column":45},"end":{"line":182,"column":48}}]},"20":{"loc":{"start":{"line":183,"column":3},"end":{"line":187,"column":5}},"type":"if","locations":[{"start":{"line":183,"column":3},"end":{"line":187,"column":5}},{"start":{"line":183,"column":3},"end":{"line":187,"column":5}}]},"21":{"loc":{"start":{"line":184,"column":4},"end":{"line":184,"column":84}},"type":"switch","locations":[{"start":{"line":184,"column":4},"end":{"line":184,"column":84}},{"start":{"line":185,"column":4},"end":{"line":185,"column":13}},{"start":{"line":186,"column":4},"end":{"line":186,"column":41}}]},"22":{"loc":{"start":{"line":217,"column":3},"end":{"line":217,"column":54}},"type":"if","locations":[{"start":{"line":217,"column":3},"end":{"line":217,"column":54}},{"start":{"line":217,"column":3},"end":{"line":217,"column":54}}]}},"s":{"0":1,"1":20,"2":3,"3":3,"4":6,"5":3,"6":10,"7":10,"8":8,"9":1,"10":7,"11":7,"12":7,"13":7,"14":36,"15":36,"16":36,"17":180,"18":125,"19":36,"20":36,"21":25,"22":11,"23":5,"24":31,"25":2,"26":7,"27":55,"28":15,"29":15,"30":70,"31":55,"32":53,"33":2,"34":2,"35":3,"36":3,"37":3,"38":3,"39":291,"40":1,"41":291,"42":226,"43":226,"44":226,"45":226,"46":176,"47":50,"48":65,"49":36,"50":180,"51":10,"52":60,"53":10,"54":50,"55":36,"56":36,"57":10,"58":10,"59":50,"60":50,"61":10,"62":1},"f":{"0":20,"1":3,"2":10,"3":8,"4":15,"5":55,"6":3,"7":291,"8":36,"9":10,"10":36,"11":10},"b":{"0":[1],"1":[1],"2":[6],"3":[1,7],"4":[125,55],"5":[25,11],"6":[5,6],"7":[2,29],"8":[31,11],"9":[1],"10":[53,2],"11":[52,1],"12":[1,1],"13":[1],"14":[1],"15":[2,1],"16":[1,290],"17":[226,65],"18":[291,226],"19":[226,0],"20":[226,0],"21":[176,50,50],"22":[10,50]}}
}
