{"/Users/sth1pal/Documents/Development/JavaScript/nodejs/ts6/dev/hsLibs/node/hsExcel/src/excel.ts": {"path":"/Users/sth1pal/Documents/Development/JavaScript/nodejs/ts6/dev/hsLibs/node/hsExcel/src/excel.ts","statementMap":{"0":{"start":{"line":12,"column":13},"end":{"line":12,"column":28}},"1":{"start":{"line":53,"column":2},"end":{"line":53,"column":68}},"2":{"start":{"line":53,"column":35},"end":{"line":53,"column":66}},"3":{"start":{"line":55,"column":2},"end":{"line":63,"column":3}},"4":{"start":{"line":56,"column":12},"end":{"line":56,"column":31}},"5":{"start":{"line":57,"column":22},"end":{"line":57,"column":48}},"6":{"start":{"line":58,"column":3},"end":{"line":62,"column":5}},"7":{"start":{"line":58,"column":12},"end":{"line":62,"column":4}},"8":{"start":{"line":59,"column":14},"end":{"line":59,"column":84}},"9":{"start":{"line":61,"column":13},"end":{"line":61,"column":41}},"10":{"start":{"line":64,"column":2},"end":{"line":64,"column":12}},"11":{"start":{"line":75,"column":2},"end":{"line":77,"column":3}},"12":{"start":{"line":76,"column":3},"end":{"line":76,"column":39}},"13":{"start":{"line":89,"column":2},"end":{"line":92,"column":3}},"14":{"start":{"line":90,"column":3},"end":{"line":90,"column":49}},"15":{"start":{"line":90,"column":41},"end":{"line":90,"column":47}},"16":{"start":{"line":91,"column":3},"end":{"line":91,"column":55}},"17":{"start":{"line":103,"column":15},"end":{"line":103,"column":54}},"18":{"start":{"line":104,"column":2},"end":{"line":104,"column":16}},"19":{"start":{"line":115,"column":27},"end":{"line":120,"column":3}},"20":{"start":{"line":121,"column":2},"end":{"line":124,"column":3}},"21":{"start":{"line":122,"column":3},"end":{"line":122,"column":31}},"22":{"start":{"line":123,"column":3},"end":{"line":123,"column":33}},"23":{"start":{"line":125,"column":2},"end":{"line":125,"column":16}},"24":{"start":{"line":138,"column":26},"end":{"line":138,"column":91}},"25":{"start":{"line":139,"column":30},"end":{"line":139,"column":76}},"26":{"start":{"line":140,"column":30},"end":{"line":140,"column":54}},"27":{"start":{"line":141,"column":2},"end":{"line":141,"column":26}},"28":{"start":{"line":151,"column":23},"end":{"line":151,"column":25}},"29":{"start":{"line":152,"column":2},"end":{"line":154,"column":3}},"30":{"start":{"line":153,"column":3},"end":{"line":153,"column":17}},"31":{"start":{"line":155,"column":2},"end":{"line":155,"column":15}},"32":{"start":{"line":166,"column":30},"end":{"line":166,"column":56}},"33":{"start":{"line":167,"column":2},"end":{"line":167,"column":87}},"34":{"start":{"line":178,"column":2},"end":{"line":178,"column":90}},"35":{"start":{"line":178,"column":26},"end":{"line":178,"column":88}},"36":{"start":{"line":179,"column":24},"end":{"line":179,"column":56}},"37":{"start":{"line":180,"column":25},"end":{"line":180,"column":27}},"38":{"start":{"line":181,"column":10},"end":{"line":181,"column":11}},"39":{"start":{"line":182,"column":2},"end":{"line":193,"column":3}},"40":{"start":{"line":183,"column":16},"end":{"line":183,"column":68}},"41":{"start":{"line":184,"column":21},"end":{"line":184,"column":22}},"42":{"start":{"line":185,"column":3},"end":{"line":185,"column":61}},"43":{"start":{"line":185,"column":27},"end":{"line":185,"column":60}},"44":{"start":{"line":185,"column":44},"end":{"line":185,"column":58}},"45":{"start":{"line":186,"column":12},"end":{"line":186,"column":18}},"46":{"start":{"line":188,"column":12},"end":{"line":190,"column":44}},"47":{"start":{"line":188,"column":35},"end":{"line":188,"column":55}},"48":{"start":{"line":190,"column":17},"end":{"line":190,"column":44}},"49":{"start":{"line":190,"column":36},"end":{"line":190,"column":42}},"50":{"start":{"line":192,"column":3},"end":{"line":192,"column":44}},"51":{"start":{"line":192,"column":36},"end":{"line":192,"column":42}},"52":{"start":{"line":194,"column":2},"end":{"line":194,"column":16}},"53":{"start":{"line":211,"column":45},"end":{"line":211,"column":93}},"54":{"start":{"line":213,"column":16},"end":{"line":213,"column":24}},"55":{"start":{"line":214,"column":8},"end":{"line":222,"column":9}},"56":{"start":{"line":215,"column":12},"end":{"line":215,"column":20}},"57":{"start":{"line":216,"column":12},"end":{"line":221,"column":13}},"58":{"start":{"line":217,"column":16},"end":{"line":217,"column":53}},"59":{"start":{"line":219,"column":25},"end":{"line":219,"column":39}},"60":{"start":{"line":220,"column":16},"end":{"line":220,"column":63}},"61":{"start":{"line":224,"column":1},"end":{"line":224,"column":41}},"62":{"start":{"line":225,"column":1},"end":{"line":232,"column":3}},"63":{"start":{"line":41,"column":0},"end":{"line":233,"column":1}}},"fnMap":{"0":{"name":"readFile","decl":{"start":{"line":41,"column":0},"end":{"line":41,"column":24}},"loc":{"start":{"line":41,"column":50},"end":{"line":233,"column":1}}},"1":{"name":"getCellValue","decl":{"start":{"line":52,"column":1},"end":{"line":52,"column":22}},"loc":{"start":{"line":52,"column":69},"end":{"line":65,"column":2}}},"2":{"name":"getCellValues","decl":{"start":{"line":74,"column":10},"end":{"line":74,"column":24}},"loc":{"start":{"line":74,"column":74},"end":{"line":78,"column":2}}},"3":{"name":"getConsecutiveColumnNames","decl":{"start":{"line":88,"column":10},"end":{"line":88,"column":36}},"loc":{"start":{"line":88,"column":78},"end":{"line":93,"column":2}}},"4":{"name":"getRow","decl":{"start":{"line":102,"column":1},"end":{"line":102,"column":16}},"loc":{"start":{"line":102,"column":62},"end":{"line":105,"column":2}}},"5":{"name":"constructCol","decl":{"start":{"line":114,"column":1},"end":{"line":114,"column":22}},"loc":{"start":{"line":114,"column":59},"end":{"line":126,"column":2}}},"6":{"name":"getTable","decl":{"start":{"line":137,"column":1},"end":{"line":137,"column":18}},"loc":{"start":{"line":137,"column":66},"end":{"line":142,"column":5}}},"7":{"name":"getSheetNames","decl":{"start":{"line":150,"column":1},"end":{"line":null,"column":-1}},"loc":{"start":{"line":150,"column":1},"end":{"line":156,"column":2}}},"8":{"name":"getTableColumns","decl":{"start":{"line":165,"column":1},"end":{"line":165,"column":25}},"loc":{"start":{"line":165,"column":63},"end":{"line":168,"column":2}}},"9":{"name":"getRowsForTable","decl":{"start":{"line":177,"column":1},"end":{"line":177,"column":25}},"loc":{"start":{"line":177,"column":54},"end":{"line":195,"column":2}}},"10":{"name":"nextExcelColIndex","decl":{"start":{"line":210,"column":13},"end":{"line":210,"column":31}},"loc":{"start":{"line":210,"column":44},"end":{"line":223,"column":5}}},"11":{"name":"nextChar","decl":{"start":{"line":211,"column":8},"end":{"line":211,"column":25}},"loc":{"start":{"line":211,"column":34},"end":{"line":211,"column":95}}}},"branchMap":{"0":{"loc":{"start":{"line":53,"column":2},"end":{"line":53,"column":68}},"type":"if","locations":[{"start":{"line":53,"column":2},"end":{"line":53,"column":68}},{"start":{"line":53,"column":2},"end":{"line":53,"column":68}}]},"1":{"loc":{"start":{"line":55,"column":2},"end":{"line":63,"column":3}},"type":"if","locations":[{"start":{"line":55,"column":2},"end":{"line":63,"column":3}},{"start":{"line":55,"column":2},"end":{"line":63,"column":3}}]},"2":{"loc":{"start":{"line":55,"column":6},"end":{"line":55,"column":20}},"type":"binary-expr","locations":[{"start":{"line":55,"column":6},"end":{"line":55,"column":20}},{"start":{"line":55,"column":24},"end":{"line":55,"column":45}}]},"3":{"loc":{"start":{"line":57,"column":39},"end":{"line":57,"column":42}},"type":"cond-expr","locations":[{"start":{"line":57,"column":39},"end":{"line":57,"column":42}},{"start":{"line":57,"column":45},"end":{"line":57,"column":48}}]},"4":{"loc":{"start":{"line":58,"column":3},"end":{"line":62,"column":5}},"type":"if","locations":[{"start":{"line":58,"column":3},"end":{"line":62,"column":5}},{"start":{"line":58,"column":3},"end":{"line":62,"column":5}}]},"5":{"loc":{"start":{"line":59,"column":4},"end":{"line":59,"column":84}},"type":"switch","locations":[{"start":{"line":59,"column":4},"end":{"line":59,"column":84}},{"start":{"line":60,"column":4},"end":{"line":60,"column":13}},{"start":{"line":61,"column":4},"end":{"line":61,"column":41}}]},"6":{"loc":{"start":{"line":88,"column":75},"end":{"line":88,"column":78}},"type":"default-arg","locations":[{"start":{"line":88,"column":75},"end":{"line":88,"column":78}}]},"7":{"loc":{"start":{"line":90,"column":3},"end":{"line":90,"column":49}},"type":"if","locations":[{"start":{"line":90,"column":3},"end":{"line":90,"column":49}},{"start":{"line":90,"column":3},"end":{"line":90,"column":49}}]},"8":{"loc":{"start":{"line":137,"column":51},"end":{"line":137,"column":54}},"type":"default-arg","locations":[{"start":{"line":137,"column":51},"end":{"line":137,"column":54}}]},"9":{"loc":{"start":{"line":137,"column":65},"end":{"line":137,"column":66}},"type":"default-arg","locations":[{"start":{"line":137,"column":65},"end":{"line":137,"column":66}}]},"10":{"loc":{"start":{"line":138,"column":57},"end":{"line":138,"column":64}},"type":"cond-expr","locations":[{"start":{"line":138,"column":57},"end":{"line":138,"column":64}},{"start":{"line":138,"column":67},"end":{"line":138,"column":91}}]},"11":{"loc":{"start":{"line":165,"column":53},"end":{"line":165,"column":56}},"type":"default-arg","locations":[{"start":{"line":165,"column":53},"end":{"line":165,"column":56}}]},"12":{"loc":{"start":{"line":165,"column":62},"end":{"line":165,"column":63}},"type":"default-arg","locations":[{"start":{"line":165,"column":62},"end":{"line":165,"column":63}}]},"13":{"loc":{"start":{"line":177,"column":53},"end":{"line":177,"column":54}},"type":"default-arg","locations":[{"start":{"line":177,"column":53},"end":{"line":177,"column":54}}]},"14":{"loc":{"start":{"line":178,"column":2},"end":{"line":178,"column":90}},"type":"if","locations":[{"start":{"line":178,"column":2},"end":{"line":178,"column":90}},{"start":{"line":178,"column":2},"end":{"line":178,"column":90}}]},"15":{"loc":{"start":{"line":185,"column":27},"end":{"line":185,"column":60}},"type":"if","locations":[{"start":{"line":185,"column":27},"end":{"line":185,"column":60}},{"start":{"line":185,"column":27},"end":{"line":185,"column":60}}]},"16":{"loc":{"start":{"line":188,"column":12},"end":{"line":190,"column":44}},"type":"if","locations":[{"start":{"line":188,"column":12},"end":{"line":190,"column":44}},{"start":{"line":188,"column":12},"end":{"line":190,"column":44}}]},"17":{"loc":{"start":{"line":190,"column":17},"end":{"line":190,"column":44}},"type":"if","locations":[{"start":{"line":190,"column":17},"end":{"line":190,"column":44}},{"start":{"line":190,"column":17},"end":{"line":190,"column":44}}]},"18":{"loc":{"start":{"line":192,"column":3},"end":{"line":192,"column":44}},"type":"if","locations":[{"start":{"line":192,"column":3},"end":{"line":192,"column":44}},{"start":{"line":192,"column":3},"end":{"line":192,"column":44}}]},"19":{"loc":{"start":{"line":192,"column":7},"end":{"line":192,"column":16}},"type":"binary-expr","locations":[{"start":{"line":192,"column":7},"end":{"line":192,"column":16}},{"start":{"line":192,"column":20},"end":{"line":192,"column":32}}]},"20":{"loc":{"start":{"line":210,"column":41},"end":{"line":210,"column":44}},"type":"default-arg","locations":[{"start":{"line":210,"column":41},"end":{"line":210,"column":44}}]},"21":{"loc":{"start":{"line":216,"column":12},"end":{"line":221,"column":13}},"type":"if","locations":[{"start":{"line":216,"column":12},"end":{"line":221,"column":13}},{"start":{"line":216,"column":12},"end":{"line":221,"column":13}}]},"22":{"loc":{"start":{"line":217,"column":31},"end":{"line":217,"column":45}},"type":"cond-expr","locations":[{"start":{"line":217,"column":31},"end":{"line":217,"column":45}},{"start":{"line":217,"column":48},"end":{"line":217,"column":52}}]},"23":{"loc":{"start":{"line":220,"column":32},"end":{"line":220,"column":50}},"type":"cond-expr","locations":[{"start":{"line":220,"column":32},"end":{"line":220,"column":50}},{"start":{"line":220,"column":53},"end":{"line":220,"column":62}}]}},"s":{"0":1,"1":244,"2":1,"3":244,"4":186,"5":186,"6":186,"7":186,"8":144,"9":42,"10":58,"11":31,"12":155,"13":8,"14":48,"15":8,"16":40,"17":31,"18":31,"19":8,"20":8,"21":40,"22":40,"23":8,"24":2,"25":2,"26":2,"27":2,"28":2,"29":2,"30":4,"31":2,"32":8,"33":8,"34":7,"35":1,"36":6,"37":6,"38":6,"39":6,"40":31,"41":31,"42":31,"43":155,"44":105,"45":31,"46":31,"47":21,"48":10,"49":4,"50":27,"51":2,"52":6,"53":44,"54":12,"55":12,"56":56,"57":44,"58":42,"59":2,"60":2,"61":17,"62":17,"63":1},"f":{"0":17,"1":244,"2":31,"3":8,"4":31,"5":8,"6":2,"7":2,"8":8,"9":7,"10":12,"11":44},"b":{"0":[1,243],"1":[186,58],"2":[244,186],"3":[186,0],"4":[186,0],"5":[144,42,42],"6":[0],"7":[8,40],"8":[0],"9":[0],"10":[2,0],"11":[0],"12":[0],"13":[5],"14":[1,6],"15":[105,50],"16":[21,10],"17":[4,6],"18":[2,25],"19":[27,11],"20":[0],"21":[42,2],"22":[41,1],"23":[1,1]}}
}
