TN:
SF:/Users/sth1pal/Documents/Development/JavaScript/nodejs/ts6/dev/hsLibs/node/hsExcel/src/excel.ts
FN:71,(anonymous_0)
FN:79,(anonymous_1)
FN:94,(anonymous_2)
FN:106,(anonymous_3)
FN:139,(anonymous_4)
FN:140,nextChar
FN:163,(anonymous_6)
FN:177,(anonymous_7)
FN:201,(anonymous_8)
FN:215,(anonymous_9)
FN:229,(anonymous_10)
FN:241,(anonymous_11)
FNF:12
FNH:12
FNDA:20,(anonymous_0)
FNDA:3,(anonymous_1)
FNDA:10,(anonymous_2)
FNDA:8,(anonymous_3)
FNDA:15,(anonymous_4)
FNDA:55,nextChar
FNDA:3,(anonymous_6)
FNDA:291,(anonymous_7)
FNDA:36,(anonymous_8)
FNDA:10,(anonymous_9)
FNDA:36,(anonymous_10)
FNDA:10,(anonymous_11)
DA:12,1
DA:68,1
DA:72,20
DA:80,3
DA:81,3
DA:82,6
DA:84,3
DA:95,10
DA:96,10
DA:107,8
DA:108,7
DA:109,7
DA:110,7
DA:111,7
DA:112,36
DA:113,36
DA:114,180
DA:115,36
DA:117,36
DA:119,11
DA:121,31
DA:123,7
DA:140,55
DA:142,15
DA:143,15
DA:144,70
DA:145,55
DA:146,53
DA:148,2
DA:149,2
DA:164,3
DA:165,3
DA:166,3
DA:167,3
DA:178,291
DA:180,291
DA:181,226
DA:182,226
DA:183,226
DA:184,176
DA:186,50
DA:189,65
DA:202,36
DA:203,180
DA:216,10
DA:217,60
DA:218,50
DA:230,36
DA:231,36
DA:242,10
DA:248,10
DA:249,50
DA:250,50
DA:252,10
LF:54
LH:54
BRDA:94,0,0,1
BRDA:94,1,0,1
BRDA:106,2,0,6
BRDA:107,3,0,1
BRDA:107,3,1,7
BRDA:114,4,0,125
BRDA:114,4,1,55
BRDA:117,5,0,25
BRDA:117,5,1,11
BRDA:119,6,0,5
BRDA:119,6,1,6
BRDA:121,7,0,2
BRDA:121,7,1,29
BRDA:121,8,0,31
BRDA:121,8,1,11
BRDA:139,9,0,1
BRDA:145,10,0,53
BRDA:145,10,1,2
BRDA:146,11,0,52
BRDA:146,11,1,1
BRDA:149,12,0,1
BRDA:149,12,1,1
BRDA:163,13,0,1
BRDA:163,14,0,1
BRDA:164,15,0,2
BRDA:164,15,1,1
BRDA:178,16,0,1
BRDA:178,16,1,290
BRDA:180,17,0,226
BRDA:180,17,1,65
BRDA:180,18,0,291
BRDA:180,18,1,226
BRDA:182,19,0,226
BRDA:182,19,1,0
BRDA:183,20,0,226
BRDA:183,20,1,0
BRDA:184,21,0,176
BRDA:184,21,1,50
BRDA:184,21,2,50
BRDA:217,22,0,10
BRDA:217,22,1,50
BRF:41
BRH:39
end_of_record
