TN:
SF:/Users/sth1pal/Documents/Development/JavaScript/nodejs/ts6/dev/hsLibs/node/hsExcel/src/excel.ts
FN:41,readFile
FN:52,getCellValue
FN:74,getCellValues
FN:88,getConsecutiveColumnNames
FN:102,getRow
FN:114,constructCol
FN:137,getTable
FN:150,getSheetNames
FN:165,getTableColumns
FN:177,getRowsForTable
FN:210,nextExcelColIndex
FN:211,nextChar
FNF:12
FNH:12
FNDA:17,readFile
FNDA:244,getCellValue
FNDA:31,getCellValues
FNDA:8,getConsecutiveColumnNames
FNDA:31,getRow
FNDA:8,constructCol
FNDA:2,getTable
FNDA:2,getSheetNames
FNDA:8,getTableColumns
FNDA:7,getRowsForTable
FNDA:12,nextExcelColIndex
FNDA:44,nextChar
DA:12,1
DA:41,1
DA:53,244
DA:55,244
DA:56,186
DA:57,186
DA:58,186
DA:59,144
DA:61,42
DA:64,58
DA:75,31
DA:76,155
DA:89,8
DA:90,48
DA:91,40
DA:103,31
DA:104,31
DA:115,8
DA:121,8
DA:122,40
DA:123,40
DA:125,8
DA:138,2
DA:139,2
DA:140,2
DA:141,2
DA:151,2
DA:152,2
DA:153,4
DA:155,2
DA:166,8
DA:167,8
DA:178,7
DA:179,6
DA:180,6
DA:181,6
DA:182,6
DA:183,31
DA:184,31
DA:185,155
DA:186,31
DA:188,31
DA:190,10
DA:192,27
DA:194,6
DA:211,44
DA:213,12
DA:214,12
DA:215,56
DA:216,44
DA:217,42
DA:219,2
DA:220,2
DA:224,17
DA:225,17
LF:55
LH:55
BRDA:53,0,0,1
BRDA:53,0,1,243
BRDA:55,1,0,186
BRDA:55,1,1,58
BRDA:55,2,0,244
BRDA:55,2,1,186
BRDA:57,3,0,186
BRDA:57,3,1,0
BRDA:58,4,0,186
BRDA:58,4,1,0
BRDA:59,5,0,144
BRDA:59,5,1,42
BRDA:59,5,2,42
BRDA:88,6,0,0
BRDA:90,7,0,8
BRDA:90,7,1,40
BRDA:137,8,0,0
BRDA:137,9,0,0
BRDA:138,10,0,2
BRDA:138,10,1,0
BRDA:165,11,0,0
BRDA:165,12,0,0
BRDA:177,13,0,5
BRDA:178,14,0,1
BRDA:178,14,1,6
BRDA:185,15,0,105
BRDA:185,15,1,50
BRDA:188,16,0,21
BRDA:188,16,1,10
BRDA:190,17,0,4
BRDA:190,17,1,6
BRDA:192,18,0,2
BRDA:192,18,1,25
BRDA:192,19,0,27
BRDA:192,19,1,11
BRDA:210,20,0,0
BRDA:216,21,0,42
BRDA:216,21,1,2
BRDA:217,22,0,41
BRDA:217,22,1,1
BRDA:220,23,0,1
BRDA:220,23,1,1
BRF:42
BRH:33
end_of_record
