TN:
SF:/Users/sth1pal/Documents/Development/JavaScript/nodejs/ts6/dev/hsLibs/node/hsExcel/src/excel.ts
FN:68,(anonymous_0)
FN:76,(anonymous_1)
FN:91,(anonymous_2)
FN:103,(anonymous_3)
FN:136,(anonymous_4)
FN:137,nextChar
FN:160,(anonymous_6)
FN:174,(anonymous_7)
FN:198,(anonymous_8)
FN:212,(anonymous_9)
FN:226,(anonymous_10)
FN:238,(anonymous_11)
FNF:12
FNH:12
FNDA:20,(anonymous_0)
FNDA:3,(anonymous_1)
FNDA:10,(anonymous_2)
FNDA:8,(anonymous_3)
FNDA:15,(anonymous_4)
FNDA:55,nextChar
FNDA:3,(anonymous_6)
FNDA:291,(anonymous_7)
FNDA:36,(anonymous_8)
FNDA:10,(anonymous_9)
FNDA:36,(anonymous_10)
FNDA:10,(anonymous_11)
DA:9,1
DA:65,1
DA:69,20
DA:77,3
DA:78,3
DA:79,6
DA:81,3
DA:92,10
DA:93,10
DA:104,8
DA:105,7
DA:106,7
DA:107,7
DA:108,7
DA:109,36
DA:110,36
DA:111,180
DA:112,36
DA:114,36
DA:116,11
DA:118,31
DA:120,7
DA:137,55
DA:139,15
DA:140,15
DA:141,70
DA:142,55
DA:143,53
DA:145,2
DA:146,2
DA:161,3
DA:162,3
DA:163,3
DA:164,3
DA:175,291
DA:177,291
DA:178,226
DA:179,226
DA:180,226
DA:181,176
DA:183,50
DA:186,65
DA:199,36
DA:200,180
DA:213,10
DA:214,60
DA:215,50
DA:227,36
DA:228,36
DA:239,10
DA:245,10
DA:246,50
DA:247,50
DA:249,10
LF:54
LH:54
BRDA:91,0,0,1
BRDA:91,1,0,1
BRDA:103,2,0,6
BRDA:104,3,0,1
BRDA:104,3,1,7
BRDA:111,4,0,125
BRDA:111,4,1,55
BRDA:114,5,0,25
BRDA:114,5,1,11
BRDA:116,6,0,5
BRDA:116,6,1,6
BRDA:118,7,0,2
BRDA:118,7,1,29
BRDA:118,8,0,31
BRDA:118,8,1,11
BRDA:136,9,0,1
BRDA:142,10,0,53
BRDA:142,10,1,2
BRDA:143,11,0,52
BRDA:143,11,1,1
BRDA:146,12,0,1
BRDA:146,12,1,1
BRDA:160,13,0,1
BRDA:160,14,0,1
BRDA:161,15,0,2
BRDA:161,15,1,1
BRDA:175,16,0,1
BRDA:175,16,1,290
BRDA:177,17,0,226
BRDA:177,17,1,65
BRDA:177,18,0,291
BRDA:177,18,1,226
BRDA:179,19,0,226
BRDA:179,19,1,0
BRDA:180,20,0,226
BRDA:180,20,1,0
BRDA:181,21,0,176
BRDA:181,21,1,50
BRDA:181,21,2,50
BRDA:214,22,0,10
BRDA:214,22,1,50
BRF:41
BRH:39
end_of_record
